{"/home/david/authorize-jwt/Gruntfile.js":{"path":"/home/david/authorize-jwt/Gruntfile.js","s":{"1":1,"2":1,"3":1,"4":1,"5":1,"6":1,"7":1,"8":1,"9":1,"10":1,"11":1,"12":1},"b":{},"f":{"1":1},"fnMap":{"1":{"name":"(anonymous_1)","line":4,"loc":{"start":{"line":4,"column":17},"end":{"line":5,"column":0}}}},"statementMap":{"1":{"start":{"line":4,"column":0},"end":{"line":56,"column":2}},"2":{"start":{"line":6,"column":4},"end":{"line":43,"column":7}},"3":{"start":{"line":45,"column":4},"end":{"line":45,"column":47}},"4":{"start":{"line":46,"column":4},"end":{"line":46,"column":43}},"5":{"start":{"line":47,"column":4},"end":{"line":47,"column":39}},"6":{"start":{"line":48,"column":4},"end":{"line":48,"column":41}},"7":{"start":{"line":50,"column":4},"end":{"line":50,"column":41}},"8":{"start":{"line":51,"column":4},"end":{"line":51,"column":44}},"9":{"start":{"line":52,"column":4},"end":{"line":52,"column":41}},"10":{"start":{"line":53,"column":4},"end":{"line":53,"column":77}},"11":{"start":{"line":54,"column":4},"end":{"line":54,"column":57}},"12":{"start":{"line":55,"column":4},"end":{"line":55,"column":52}}},"branchMap":{}},"/home/david/authorize-jwt/index.js":{"path":"/home/david/authorize-jwt/index.js","s":{"1":1,"2":1,"3":9,"4":9,"5":1,"6":11,"7":2,"8":9,"9":9,"10":2,"11":7,"12":1,"13":23,"14":4,"15":19,"16":13,"17":13,"18":2,"19":17,"20":1,"21":11,"22":11,"23":5,"24":5,"25":5,"26":5,"27":3,"28":6,"29":6,"30":6,"31":11,"32":1,"33":39,"34":39,"35":2,"36":37,"37":2,"38":2,"39":35,"40":37,"41":37,"42":35,"43":2,"44":2,"45":37,"46":2,"47":35,"48":35,"49":6,"50":29,"51":2,"52":27,"53":27,"54":27,"55":2,"56":25,"57":25,"58":2,"59":23,"60":4,"61":19,"62":19,"63":19,"64":2,"65":17},"b":{"1":[2,9],"2":[2,7],"3":[4,19],"4":[23,19],"5":[13,6],"6":[2,11],"7":[5,6],"8":[3,2],"9":[2,37],"10":[2,35],"11":[35,2],"12":[6,29],"13":[2,27],"14":[29,29],"15":[2,25],"16":[2,23],"17":[4,19]},"f":{"1":9,"2":11,"3":9,"4":23,"5":11,"6":39,"7":25},"fnMap":{"1":{"name":"AuthorizeJWT","line":146,"loc":{"start":{"line":146,"column":0},"end":{"line":147,"column":0}}},"2":{"name":"(anonymous_2)","line":171,"loc":{"start":{"line":171,"column":17},"end":{"line":172,"column":0}}},"3":{"name":"(anonymous_3)","line":179,"loc":{"start":{"line":179,"column":29},"end":{"line":180,"column":8}}},"4":{"name":"(anonymous_4)","line":187,"loc":{"start":{"line":187,"column":41},"end":{"line":188,"column":0}}},"5":{"name":"(anonymous_5)","line":226,"loc":{"start":{"line":226,"column":40},"end":{"line":227,"column":0}}},"6":{"name":"(anonymous_6)","line":273,"loc":{"start":{"line":273,"column":35},"end":{"line":274,"column":0}}},"7":{"name":"(anonymous_7)","line":334,"loc":{"start":{"line":334,"column":54},"end":{"line":335,"column":4}}}},"statementMap":{"1":{"start":{"line":140,"column":0},"end":{"line":144,"column":43}},"2":{"start":{"line":146,"column":0},"end":{"line":150,"column":1}},"3":{"start":{"line":148,"column":4},"end":{"line":148,"column":26}},"4":{"start":{"line":149,"column":4},"end":{"line":149,"column":29}},"5":{"start":{"line":171,"column":0},"end":{"line":185,"column":2}},"6":{"start":{"line":173,"column":4},"end":{"line":184,"column":5}},"7":{"start":{"line":175,"column":8},"end":{"line":175,"column":43}},"8":{"start":{"line":179,"column":8},"end":{"line":183,"column":11}},"9":{"start":{"line":181,"column":12},"end":{"line":181,"column":40}},"10":{"start":{"line":181,"column":23},"end":{"line":181,"column":38}},"11":{"start":{"line":182,"column":12},"end":{"line":182,"column":51}},"12":{"start":{"line":187,"column":0},"end":{"line":206,"column":2}},"13":{"start":{"line":189,"column":4},"end":{"line":193,"column":5}},"14":{"start":{"line":192,"column":8},"end":{"line":192,"column":90}},"15":{"start":{"line":195,"column":4},"end":{"line":203,"column":5}},"16":{"start":{"line":197,"column":8},"end":{"line":197,"column":46}},"17":{"start":{"line":199,"column":8},"end":{"line":202,"column":9}},"18":{"start":{"line":201,"column":12},"end":{"line":201,"column":72}},"19":{"start":{"line":205,"column":4},"end":{"line":205,"column":32}},"20":{"start":{"line":226,"column":0},"end":{"line":248,"column":2}},"21":{"start":{"line":228,"column":4},"end":{"line":228,"column":45}},"22":{"start":{"line":230,"column":4},"end":{"line":245,"column":5}},"23":{"start":{"line":232,"column":8},"end":{"line":232,"column":67}},"24":{"start":{"line":233,"column":8},"end":{"line":233,"column":42}},"25":{"start":{"line":234,"column":8},"end":{"line":234,"column":54}},"26":{"start":{"line":235,"column":8},"end":{"line":238,"column":9}},"27":{"start":{"line":237,"column":12},"end":{"line":237,"column":41}},"28":{"start":{"line":242,"column":8},"end":{"line":242,"column":47}},"29":{"start":{"line":243,"column":8},"end":{"line":243,"column":50}},"30":{"start":{"line":244,"column":8},"end":{"line":244,"column":52}},"31":{"start":{"line":247,"column":4},"end":{"line":247,"column":38}},"32":{"start":{"line":273,"column":0},"end":{"line":359,"column":2}},"33":{"start":{"line":275,"column":4},"end":{"line":275,"column":67}},"34":{"start":{"line":277,"column":4},"end":{"line":280,"column":5}},"35":{"start":{"line":279,"column":8},"end":{"line":279,"column":55}},"36":{"start":{"line":282,"column":4},"end":{"line":290,"column":5}},"37":{"start":{"line":284,"column":8},"end":{"line":284,"column":26}},"38":{"start":{"line":285,"column":8},"end":{"line":285,"column":71}},"39":{"start":{"line":289,"column":8},"end":{"line":289,"column":30}},"40":{"start":{"line":292,"column":4},"end":{"line":311,"column":5}},"41":{"start":{"line":297,"column":8},"end":{"line":305,"column":9}},"42":{"start":{"line":299,"column":12},"end":{"line":299,"column":56}},"43":{"start":{"line":303,"column":12},"end":{"line":303,"column":56}},"44":{"start":{"line":304,"column":12},"end":{"line":304,"column":38}},"45":{"start":{"line":306,"column":8},"end":{"line":306,"column":75}},"46":{"start":{"line":310,"column":8},"end":{"line":310,"column":30}},"47":{"start":{"line":313,"column":4},"end":{"line":313,"column":37}},"48":{"start":{"line":315,"column":4},"end":{"line":318,"column":5}},"49":{"start":{"line":317,"column":8},"end":{"line":317,"column":61}},"50":{"start":{"line":320,"column":4},"end":{"line":323,"column":5}},"51":{"start":{"line":322,"column":8},"end":{"line":322,"column":71}},"52":{"start":{"line":325,"column":4},"end":{"line":325,"column":28}},"53":{"start":{"line":327,"column":4},"end":{"line":327,"column":35}},"54":{"start":{"line":329,"column":4},"end":{"line":332,"column":5}},"55":{"start":{"line":331,"column":8},"end":{"line":331,"column":83}},"56":{"start":{"line":334,"column":4},"end":{"line":358,"column":7}},"57":{"start":{"line":336,"column":8},"end":{"line":339,"column":9}},"58":{"start":{"line":338,"column":12},"end":{"line":338,"column":27}},"59":{"start":{"line":341,"column":8},"end":{"line":344,"column":9}},"60":{"start":{"line":343,"column":12},"end":{"line":343,"column":83}},"61":{"start":{"line":346,"column":8},"end":{"line":346,"column":57}},"62":{"start":{"line":348,"column":8},"end":{"line":355,"column":9}},"63":{"start":{"line":350,"column":12},"end":{"line":350,"column":80}},"64":{"start":{"line":354,"column":12},"end":{"line":354,"column":34}},"65":{"start":{"line":357,"column":8},"end":{"line":357,"column":58}}},"branchMap":{"1":{"line":173,"type":"if","locations":[{"start":{"line":173,"column":4},"end":{"line":173,"column":4}},{"start":{"line":173,"column":4},"end":{"line":173,"column":4}}]},"2":{"line":181,"type":"if","locations":[{"start":{"line":181,"column":12},"end":{"line":181,"column":12}},{"start":{"line":181,"column":12},"end":{"line":181,"column":12}}]},"3":{"line":189,"type":"if","locations":[{"start":{"line":189,"column":4},"end":{"line":189,"column":4}},{"start":{"line":189,"column":4},"end":{"line":189,"column":4}}]},"4":{"line":189,"type":"binary-expr","locations":[{"start":{"line":189,"column":8},"end":{"line":189,"column":37}},{"start":{"line":190,"column":9},"end":{"line":190,"column":54}}]},"5":{"line":195,"type":"if","locations":[{"start":{"line":195,"column":4},"end":{"line":195,"column":4}},{"start":{"line":195,"column":4},"end":{"line":195,"column":4}}]},"6":{"line":199,"type":"if","locations":[{"start":{"line":199,"column":8},"end":{"line":199,"column":8}},{"start":{"line":199,"column":8},"end":{"line":199,"column":8}}]},"7":{"line":230,"type":"if","locations":[{"start":{"line":230,"column":4},"end":{"line":230,"column":4}},{"start":{"line":230,"column":4},"end":{"line":230,"column":4}}]},"8":{"line":235,"type":"if","locations":[{"start":{"line":235,"column":8},"end":{"line":235,"column":8}},{"start":{"line":235,"column":8},"end":{"line":235,"column":8}}]},"9":{"line":277,"type":"if","locations":[{"start":{"line":277,"column":4},"end":{"line":277,"column":4}},{"start":{"line":277,"column":4},"end":{"line":277,"column":4}}]},"10":{"line":282,"type":"if","locations":[{"start":{"line":282,"column":4},"end":{"line":282,"column":4}},{"start":{"line":282,"column":4},"end":{"line":282,"column":4}}]},"11":{"line":297,"type":"if","locations":[{"start":{"line":297,"column":8},"end":{"line":297,"column":8}},{"start":{"line":297,"column":8},"end":{"line":297,"column":8}}]},"12":{"line":315,"type":"if","locations":[{"start":{"line":315,"column":4},"end":{"line":315,"column":4}},{"start":{"line":315,"column":4},"end":{"line":315,"column":4}}]},"13":{"line":320,"type":"if","locations":[{"start":{"line":320,"column":4},"end":{"line":320,"column":4}},{"start":{"line":320,"column":4},"end":{"line":320,"column":4}}]},"14":{"line":320,"type":"binary-expr","locations":[{"start":{"line":320,"column":10},"end":{"line":320,"column":17}},{"start":{"line":320,"column":21},"end":{"line":320,"column":32}}]},"15":{"line":329,"type":"if","locations":[{"start":{"line":329,"column":4},"end":{"line":329,"column":4}},{"start":{"line":329,"column":4},"end":{"line":329,"column":4}}]},"16":{"line":336,"type":"if","locations":[{"start":{"line":336,"column":8},"end":{"line":336,"column":8}},{"start":{"line":336,"column":8},"end":{"line":336,"column":8}}]},"17":{"line":341,"type":"if","locations":[{"start":{"line":341,"column":8},"end":{"line":341,"column":8}},{"start":{"line":341,"column":8},"end":{"line":341,"column":8}}]}}}}