{"/home/david/Private/hub/common/authorize-jwt/Gruntfile.js":{"path":"/home/david/Private/hub/common/authorize-jwt/Gruntfile.js","s":{"1":1,"2":1,"3":1,"4":1,"5":1,"6":1,"7":1,"8":1,"9":1,"10":1,"11":1,"12":1},"b":{},"f":{"1":1},"fnMap":{"1":{"name":"(anonymous_1)","line":4,"loc":{"start":{"line":4,"column":17},"end":{"line":5,"column":0}}}},"statementMap":{"1":{"start":{"line":4,"column":0},"end":{"line":61,"column":2}},"2":{"start":{"line":6,"column":4},"end":{"line":48,"column":7}},"3":{"start":{"line":50,"column":4},"end":{"line":50,"column":39}},"4":{"start":{"line":51,"column":4},"end":{"line":51,"column":43}},"5":{"start":{"line":52,"column":4},"end":{"line":52,"column":39}},"6":{"start":{"line":53,"column":4},"end":{"line":53,"column":37}},"7":{"start":{"line":55,"column":4},"end":{"line":55,"column":45}},"8":{"start":{"line":56,"column":4},"end":{"line":56,"column":52}},"9":{"start":{"line":57,"column":4},"end":{"line":57,"column":41}},"10":{"start":{"line":58,"column":4},"end":{"line":58,"column":71}},"11":{"start":{"line":59,"column":4},"end":{"line":59,"column":54}},"12":{"start":{"line":60,"column":4},"end":{"line":60,"column":59}}},"branchMap":{}},"/home/david/Private/hub/common/authorize-jwt/index.js":{"path":"/home/david/Private/hub/common/authorize-jwt/index.js","s":{"1":1,"2":1,"3":9,"4":9,"5":1,"6":11,"7":2,"8":9,"9":9,"10":2,"11":7,"12":1,"13":21,"14":4,"15":17,"16":11,"17":11,"18":2,"19":15,"20":1,"21":5,"22":5,"23":3,"24":3,"25":3,"26":2,"27":2,"28":2,"29":5,"30":1,"31":37,"32":37,"33":2,"34":35,"35":35,"36":35,"37":2,"38":33,"39":33,"40":6,"41":27,"42":2,"43":25,"44":25,"45":25,"46":2,"47":23,"48":23,"49":2,"50":21,"51":4,"52":17,"53":17,"54":17,"55":2,"56":15},"b":{"1":[2,9],"2":[2,7],"3":[4,17],"4":[21,17],"5":[11,6],"6":[2,9],"7":[3,2],"8":[2,35],"9":[6,27],"10":[2,25],"11":[27,27],"12":[2,23],"13":[2,21],"14":[4,17]},"f":{"1":9,"2":11,"3":9,"4":21,"5":5,"6":37,"7":23},"fnMap":{"1":{"name":"AuthorizeJWT","line":146,"loc":{"start":{"line":146,"column":0},"end":{"line":147,"column":0}}},"2":{"name":"(anonymous_2)","line":171,"loc":{"start":{"line":171,"column":17},"end":{"line":172,"column":0}}},"3":{"name":"(anonymous_3)","line":179,"loc":{"start":{"line":179,"column":29},"end":{"line":180,"column":8}}},"4":{"name":"(anonymous_4)","line":187,"loc":{"start":{"line":187,"column":41},"end":{"line":188,"column":0}}},"5":{"name":"(anonymous_5)","line":221,"loc":{"start":{"line":221,"column":40},"end":{"line":222,"column":0}}},"6":{"name":"(anonymous_6)","line":262,"loc":{"start":{"line":262,"column":35},"end":{"line":263,"column":0}}},"7":{"name":"(anonymous_7)","line":303,"loc":{"start":{"line":303,"column":54},"end":{"line":304,"column":4}}}},"statementMap":{"1":{"start":{"line":140,"column":0},"end":{"line":144,"column":43}},"2":{"start":{"line":146,"column":0},"end":{"line":150,"column":1}},"3":{"start":{"line":148,"column":4},"end":{"line":148,"column":26}},"4":{"start":{"line":149,"column":4},"end":{"line":149,"column":29}},"5":{"start":{"line":171,"column":0},"end":{"line":185,"column":2}},"6":{"start":{"line":173,"column":4},"end":{"line":184,"column":5}},"7":{"start":{"line":175,"column":8},"end":{"line":175,"column":43}},"8":{"start":{"line":179,"column":8},"end":{"line":183,"column":11}},"9":{"start":{"line":181,"column":12},"end":{"line":181,"column":40}},"10":{"start":{"line":181,"column":23},"end":{"line":181,"column":38}},"11":{"start":{"line":182,"column":12},"end":{"line":182,"column":51}},"12":{"start":{"line":187,"column":0},"end":{"line":206,"column":2}},"13":{"start":{"line":189,"column":4},"end":{"line":193,"column":5}},"14":{"start":{"line":192,"column":8},"end":{"line":192,"column":90}},"15":{"start":{"line":195,"column":4},"end":{"line":203,"column":5}},"16":{"start":{"line":197,"column":8},"end":{"line":197,"column":46}},"17":{"start":{"line":199,"column":8},"end":{"line":202,"column":9}},"18":{"start":{"line":201,"column":12},"end":{"line":201,"column":72}},"19":{"start":{"line":205,"column":4},"end":{"line":205,"column":32}},"20":{"start":{"line":221,"column":0},"end":{"line":239,"column":2}},"21":{"start":{"line":223,"column":4},"end":{"line":223,"column":45}},"22":{"start":{"line":225,"column":4},"end":{"line":236,"column":5}},"23":{"start":{"line":227,"column":8},"end":{"line":227,"column":67}},"24":{"start":{"line":228,"column":8},"end":{"line":228,"column":42}},"25":{"start":{"line":229,"column":8},"end":{"line":229,"column":43}},"26":{"start":{"line":233,"column":8},"end":{"line":233,"column":47}},"27":{"start":{"line":234,"column":8},"end":{"line":234,"column":50}},"28":{"start":{"line":235,"column":8},"end":{"line":235,"column":52}},"29":{"start":{"line":238,"column":4},"end":{"line":238,"column":38}},"30":{"start":{"line":262,"column":0},"end":{"line":328,"column":2}},"31":{"start":{"line":264,"column":4},"end":{"line":264,"column":52}},"32":{"start":{"line":266,"column":4},"end":{"line":269,"column":5}},"33":{"start":{"line":268,"column":8},"end":{"line":268,"column":55}},"34":{"start":{"line":271,"column":4},"end":{"line":271,"column":26}},"35":{"start":{"line":273,"column":4},"end":{"line":280,"column":5}},"36":{"start":{"line":275,"column":8},"end":{"line":275,"column":60}},"37":{"start":{"line":279,"column":8},"end":{"line":279,"column":30}},"38":{"start":{"line":282,"column":4},"end":{"line":282,"column":37}},"39":{"start":{"line":284,"column":4},"end":{"line":287,"column":5}},"40":{"start":{"line":286,"column":8},"end":{"line":286,"column":61}},"41":{"start":{"line":289,"column":4},"end":{"line":292,"column":5}},"42":{"start":{"line":291,"column":8},"end":{"line":291,"column":71}},"43":{"start":{"line":294,"column":4},"end":{"line":294,"column":28}},"44":{"start":{"line":296,"column":4},"end":{"line":296,"column":35}},"45":{"start":{"line":298,"column":4},"end":{"line":301,"column":5}},"46":{"start":{"line":300,"column":8},"end":{"line":300,"column":83}},"47":{"start":{"line":303,"column":4},"end":{"line":327,"column":7}},"48":{"start":{"line":305,"column":8},"end":{"line":308,"column":9}},"49":{"start":{"line":307,"column":12},"end":{"line":307,"column":27}},"50":{"start":{"line":310,"column":8},"end":{"line":313,"column":9}},"51":{"start":{"line":312,"column":12},"end":{"line":312,"column":83}},"52":{"start":{"line":315,"column":8},"end":{"line":315,"column":57}},"53":{"start":{"line":317,"column":8},"end":{"line":324,"column":9}},"54":{"start":{"line":319,"column":12},"end":{"line":319,"column":66}},"55":{"start":{"line":323,"column":12},"end":{"line":323,"column":34}},"56":{"start":{"line":326,"column":8},"end":{"line":326,"column":58}}},"branchMap":{"1":{"line":173,"type":"if","locations":[{"start":{"line":173,"column":4},"end":{"line":173,"column":4}},{"start":{"line":173,"column":4},"end":{"line":173,"column":4}}]},"2":{"line":181,"type":"if","locations":[{"start":{"line":181,"column":12},"end":{"line":181,"column":12}},{"start":{"line":181,"column":12},"end":{"line":181,"column":12}}]},"3":{"line":189,"type":"if","locations":[{"start":{"line":189,"column":4},"end":{"line":189,"column":4}},{"start":{"line":189,"column":4},"end":{"line":189,"column":4}}]},"4":{"line":189,"type":"binary-expr","locations":[{"start":{"line":189,"column":8},"end":{"line":189,"column":37}},{"start":{"line":190,"column":9},"end":{"line":190,"column":54}}]},"5":{"line":195,"type":"if","locations":[{"start":{"line":195,"column":4},"end":{"line":195,"column":4}},{"start":{"line":195,"column":4},"end":{"line":195,"column":4}}]},"6":{"line":199,"type":"if","locations":[{"start":{"line":199,"column":8},"end":{"line":199,"column":8}},{"start":{"line":199,"column":8},"end":{"line":199,"column":8}}]},"7":{"line":225,"type":"if","locations":[{"start":{"line":225,"column":4},"end":{"line":225,"column":4}},{"start":{"line":225,"column":4},"end":{"line":225,"column":4}}]},"8":{"line":266,"type":"if","locations":[{"start":{"line":266,"column":4},"end":{"line":266,"column":4}},{"start":{"line":266,"column":4},"end":{"line":266,"column":4}}]},"9":{"line":284,"type":"if","locations":[{"start":{"line":284,"column":4},"end":{"line":284,"column":4}},{"start":{"line":284,"column":4},"end":{"line":284,"column":4}}]},"10":{"line":289,"type":"if","locations":[{"start":{"line":289,"column":4},"end":{"line":289,"column":4}},{"start":{"line":289,"column":4},"end":{"line":289,"column":4}}]},"11":{"line":289,"type":"binary-expr","locations":[{"start":{"line":289,"column":10},"end":{"line":289,"column":17}},{"start":{"line":289,"column":21},"end":{"line":289,"column":32}}]},"12":{"line":298,"type":"if","locations":[{"start":{"line":298,"column":4},"end":{"line":298,"column":4}},{"start":{"line":298,"column":4},"end":{"line":298,"column":4}}]},"13":{"line":305,"type":"if","locations":[{"start":{"line":305,"column":8},"end":{"line":305,"column":8}},{"start":{"line":305,"column":8},"end":{"line":305,"column":8}}]},"14":{"line":310,"type":"if","locations":[{"start":{"line":310,"column":8},"end":{"line":310,"column":8}},{"start":{"line":310,"column":8},"end":{"line":310,"column":8}}]}}}}