TN:
SF:/home/david/authorize-jwt/index.js
FN:154,ab64
FN:160,AuthorizeJWT
FN:200,(anonymous_2)
FN:212,(anonymous_3)
FN:220,(anonymous_4)
FN:256,(anonymous_5)
FN:342,(anonymous_6)
FN:351,verify
FN:412,(anonymous_8)
FN:439,webauthn
FN:441,(anonymous_10)
FN:453,(anonymous_11)
FN:482,maybe_webauthn
FN:507,after_complete
FNF:14
FNH:14
FNDA:42,ab64
FNDA:13,AuthorizeJWT
FNDA:15,(anonymous_2)
FNDA:10,(anonymous_3)
FNDA:49,(anonymous_4)
FNDA:21,(anonymous_5)
FNDA:88,(anonymous_6)
FNDA:75,verify
FNDA:29,(anonymous_8)
FNDA:18,webauthn
FNDA:18,(anonymous_10)
FNDA:16,(anonymous_11)
FNDA:39,maybe_webauthn
FNDA:39,after_complete
DA:147,2
DA:148,2
DA:149,2
DA:150,2
DA:151,2
DA:152,2
DA:156,42
DA:157,42
DA:162,13
DA:163,13
DA:165,13
DA:167,2
DA:200,2
DA:202,15
DA:204,3
DA:206,12
DA:208,2
DA:212,10
DA:214,10
DA:215,8
DA:220,2
DA:222,49
DA:225,6
DA:228,43
DA:230,15
DA:232,15
DA:234,2
DA:238,41
DA:256,2
DA:260,21
DA:262,15
DA:263,15
DA:265,4
DA:266,4
DA:270,11
DA:271,11
DA:272,11
DA:274,15
DA:276,13
DA:277,13
DA:279,9
DA:285,6
DA:286,6
DA:287,6
DA:290,21
DA:342,2
DA:344,88
DA:346,88
DA:348,2
DA:355,75
DA:357,4
DA:358,4
DA:362,71
DA:365,75
DA:371,75
DA:372,75
DA:376,8
DA:379,67
DA:380,67
DA:382,67
DA:384,28
DA:386,2
DA:389,26
DA:391,2
DA:395,63
DA:397,30
DA:400,33
DA:402,2
DA:405,31
DA:407,31
DA:409,2
DA:412,29
DA:414,29
DA:416,2
DA:419,27
DA:421,4
DA:424,23
DA:426,23
DA:428,23
DA:432,4
DA:435,19
DA:441,18
DA:443,18
DA:445,1
DA:448,17
DA:450,1
DA:453,16
DA:457,16
DA:459,16
DA:472,1
DA:475,15
DA:477,15
DA:484,39
DA:486,39
DA:490,2
DA:493,37
DA:495,18
DA:498,19
DA:499,19
DA:502,86
DA:504,41
DA:509,39
DA:511,2
DA:514,37
DA:515,37
DA:518,45
DA:520,14
DA:522,2
DA:525,12
DA:532,12
DA:534,10
DA:550,2
DA:554,31
DA:556,29
DA:561,2
LF:115
LH:115
BRDA:165,0,0,2
BRDA:165,0,1,11
BRDA:202,1,0,3
BRDA:202,1,1,12
BRDA:206,2,0,2
BRDA:206,2,1,10
BRDA:214,3,0,2
BRDA:214,3,1,8
BRDA:222,4,0,6
BRDA:222,4,1,43
BRDA:222,5,0,49
BRDA:222,5,1,45
BRDA:228,6,0,15
BRDA:228,6,1,28
BRDA:232,7,0,2
BRDA:232,7,1,13
BRDA:260,8,0,15
BRDA:260,8,1,6
BRDA:263,9,0,4
BRDA:263,9,1,11
BRDA:274,10,0,13
BRDA:274,10,1,2
BRDA:277,11,0,9
BRDA:277,11,1,4
BRDA:346,12,0,2
BRDA:346,12,1,86
BRDA:355,13,0,4
BRDA:355,13,1,71
BRDA:382,14,0,28
BRDA:382,14,1,39
BRDA:384,15,0,2
BRDA:384,15,1,26
BRDA:384,16,0,28
BRDA:384,16,1,28
BRDA:389,17,0,2
BRDA:389,17,1,24
BRDA:395,18,0,30
BRDA:395,18,1,33
BRDA:395,19,0,63
BRDA:395,19,1,43
BRDA:400,20,0,2
BRDA:400,20,1,31
BRDA:400,21,0,33
BRDA:400,21,1,33
BRDA:407,22,0,2
BRDA:407,22,1,29
BRDA:414,23,0,2
BRDA:414,23,1,27
BRDA:419,24,0,4
BRDA:419,24,1,23
BRDA:424,25,0,23
BRDA:424,25,1,21
BRDA:443,26,0,1
BRDA:443,26,1,17
BRDA:448,27,0,1
BRDA:448,27,1,16
BRDA:465,28,0,16
BRDA:465,28,1,14
BRDA:467,29,0,14
BRDA:467,29,1,2
BRDA:493,30,0,18
BRDA:493,30,1,19
BRDA:502,31,0,41
BRDA:502,31,1,45
BRDA:509,32,0,2
BRDA:509,32,1,37
BRDA:518,33,0,14
BRDA:518,33,1,31
BRDA:520,34,0,2
BRDA:520,34,1,12
BRDA:543,35,0,8
BRDA:543,35,1,2
BRDA:554,36,0,29
BRDA:554,36,1,2
BRF:74
BRH:74
end_of_record
