TN:
SF:/home/david/authorize-jwt/index.js
FN:144,AuthorizeJWT
FN:169,(anonymous_1)
FN:177,(anonymous_2)
FN:185,(anonymous_3)
FN:224,(anonymous_4)
FN:271,(anonymous_5)
FN:332,(anonymous_6)
FNF:7
FNH:7
FNDA:9,AuthorizeJWT
FNDA:11,(anonymous_1)
FNDA:9,(anonymous_2)
FNDA:23,(anonymous_3)
FNDA:11,(anonymous_4)
FNDA:39,(anonymous_5)
FNDA:25,(anonymous_6)
DA:138,1
DA:139,1
DA:140,1
DA:141,1
DA:142,1
DA:146,9
DA:147,9
DA:169,1
DA:171,11
DA:173,2
DA:177,9
DA:179,9
DA:180,7
DA:185,1
DA:187,23
DA:190,4
DA:193,19
DA:195,13
DA:197,13
DA:199,2
DA:203,17
DA:224,1
DA:228,11
DA:230,5
DA:231,5
DA:232,5
DA:233,5
DA:235,3
DA:240,6
DA:241,6
DA:242,6
DA:245,11
DA:271,1
DA:273,39
DA:275,39
DA:277,2
DA:280,37
DA:282,2
DA:283,2
DA:287,35
DA:290,37
DA:295,37
DA:297,35
DA:301,2
DA:302,2
DA:304,37
DA:308,2
DA:311,35
DA:313,35
DA:315,6
DA:318,29
DA:320,2
DA:323,27
DA:325,27
DA:327,27
DA:329,2
DA:332,25
DA:334,25
DA:336,2
DA:339,23
DA:341,4
DA:344,19
DA:346,19
DA:348,19
DA:352,2
DA:355,17
LF:66
LH:66
BRDA:171,0,0,2
BRDA:171,0,1,9
BRDA:179,1,0,2
BRDA:179,1,1,7
BRDA:187,2,0,4
BRDA:187,2,1,19
BRDA:187,3,0,23
BRDA:187,3,1,19
BRDA:193,4,0,13
BRDA:193,4,1,6
BRDA:197,5,0,2
BRDA:197,5,1,11
BRDA:228,6,0,5
BRDA:228,6,1,6
BRDA:233,7,0,3
BRDA:233,7,1,2
BRDA:275,8,0,2
BRDA:275,8,1,37
BRDA:280,9,0,2
BRDA:280,9,1,35
BRDA:295,10,0,35
BRDA:295,10,1,2
BRDA:313,11,0,6
BRDA:313,11,1,29
BRDA:318,12,0,2
BRDA:318,12,1,27
BRDA:318,13,0,29
BRDA:318,13,1,29
BRDA:327,14,0,2
BRDA:327,14,1,25
BRDA:334,15,0,2
BRDA:334,15,1,23
BRDA:339,16,0,4
BRDA:339,16,1,19
BRF:34
BRH:34
end_of_record
